make.exe all --print-data-base --no-builtin-variables --no-builtin-rules --question
make: *** No rule to make target 'all'.  Stop.

# GNU Make 4.3
# Built for Windows32
# Copyright (C) 1988-2020 Free Software Foundation, Inc.
# License GPLv3+: GNU GPL version 3 or later <http://gnu.org/licenses/gpl.html>
# This is free software: you are free to change and redistribute it.
# There is NO WARRANTY, to the extent permitted by law.

# Make data base, printed on Sat Jul 09 23:52:54 2022

# Variables

# environment
FPS_BROWSER_APP_PROFILE_STRING = Internet Explorer
# environment
SYSTEMDRIVE = C:
# environment
LC_ALL = C
# environment
USERPROFILE = C:\Users\WALTON
# environment
LOCALAPPDATA = C:\Users\WALTON\AppData\Local
# environment
VSCODE_CWD = C:\Users\WALTON\AppData\Local\Programs\Microsoft VS Code
# environment
CHOCOLATEYINSTALL = C:\ProgramData\chocolatey
# environment
SYSTEMROOT = C:\WINDOWS
# environment
PROCESSOR_LEVEL = 6
# environment
PSMODULEPATH = C:\Program Files\WindowsPowerShell\Modules;C:\WINDOWS\system32\WindowsPowerShell\v1.0\Modules
# default
MAKE_COMMAND := C:/ProgramData/chocolatey/lib/make/tools/install/bin/make.exe
# environment
GOPATH = C:\Users\WALTON\go
# automatic
@D = $(patsubst %/,%,$(patsubst %\,%,$(dir $@)))
# environment
CHROME_CRASHPAD_PIPE_NAME = \\.\pipe\crashpad_6180_NGFZNDDMVBLKTUMC
# environment
FPS_BROWSER_USER_PROFILE_STRING = Default
# environment
VSCODE_HANDLES_UNCAUGHT_ERRORS = true
# default
.VARIABLES := 
# automatic
%D = $(patsubst %/,%,$(patsubst %\,%,$(dir $%)))
# automatic
^D = $(patsubst %/,%,$(patsubst %\,%,$(dir $^)))
# automatic
%F = $(notdir $%)
# environment
VSCODE_CODE_CACHE_PATH = C:\Users\WALTON\AppData\Roaming\Code\CachedData\92d25e35d9bf1a6b16f7d0758f25d48ace11e5b9
# environment
LANG = C
# default
.LOADED := 
# environment
TMP = C:\Users\WALTON\AppData\Local\Temp
# default
.INCLUDE_DIRS = .
# environment
PROCESSOR_ARCHITEW6432 = AMD64
# makefile
MAKEFLAGS = pqrR
# environment
ONEDRIVE = C:\Users\WALTON\OneDrive
# environment
INTELLIJ IDEA COMMUNITY EDITION = C:\Program Files\JetBrains\IntelliJ IDEA Community Edition 2022.1.3\bin;
# makefile
CURDIR := c:/projects/grpc-scaffold
# environment
APPLICATION_INSIGHTS_NO_DIAGNOSTIC_CHANNEL = 1
# automatic
*D = $(patsubst %/,%,$(patsubst %\,%,$(dir $*)))
# environment
PROGRAMFILES = C:\Program Files (x86)
# environment
MFLAGS = -pqrR
# makefile (from 'Makefile', line 7)
.SHELLFLAGS := -NoProfile -Command
# environment
COMMONPROGRAMW6432 = C:\Program Files\Common Files
# automatic
+D = $(patsubst %/,%,$(patsubst %\,%,$(dir $+)))
# makefile (from 'Makefile', line 1)
MAKEFILE_LIST := Makefile
# automatic
@F = $(notdir $@)
# environment
VSCODE_PID = 6180
# automatic
?D = $(patsubst %/,%,$(patsubst %\,%,$(dir $?)))
# environment
__PSLOCKDOWNPOLICY = 0
# makefile (from 'Makefile', line 8)
PACKAGE = $(shell Get-Content go.mod -head 1 | Foreach-Object { $$data = $$_ -split " "; "{0}" -f $$data[1]})
# automatic
*F = $(notdir $*)
# automatic
<D = $(patsubst %/,%,$(patsubst %\,%,$(dir $<)))
# environment
VSCODE_NLS_CONFIG = {"locale":"en-us","availableLanguages":{},"_languagePackSupport":true}
# environment
ONEDRIVECONSUMER = C:\Users\WALTON\OneDrive
# default
MAKE_HOST := Windows32
# environment
PROGRAMDATA = C:\ProgramData
# makefile (from 'Makefile', line 6)
SHELL := C:/Windows/System32/WindowsPowerShell/v1.0//powershell.exe
# environment
HOMEPATH = \Users\WALTON
# default
MAKECMDGOALS := all
# environment
DRIVERDATA = C:\Windows\System32\Drivers\DriverData
# environment
COMSPEC = C:\WINDOWS\system32\cmd.exe
# environment
WINDIR = C:\WINDOWS
# environment
MAKELEVEL := 0
# default
MAKE = $(MAKE_COMMAND)
# environment
PATH = C:\Program Files\Microsoft\jdk-11.0.12.7-hotspot\bin;C:\Program Files\Common Files\Oracle\Java\javapath;C:\Python310\Scripts\;C:\Python310\;C:\Windows\system32;C:\Windows;C:\Windows\System32\Wbem;C:\Windows\System32\WindowsPowerShell\v1.0\;C:\Windows\System32\OpenSSH\;C:\mingw64;C:\mingw64\bin;C:\Program Files\Go\bin;C:\ProgramData\chocolatey\bin;C:\Users\WALTON\AppData\Roaming\nvm;C:\Program Files\nodejs;C:\Program Files\Git\cmd;C:\Program Files\Java\jdk-18.0.1.1\bin;C:\Program Files\Microsoft SQL Server\150\Tools\Binn\;C:\Program Files\Microsoft SQL Server\Client SDK\ODBC\170\Tools\Binn\;C:\Program Files\dotnet\;C:\Program Files\Amazon\AWSCLIV2\;C:\WINDOWS\system32;C:\WINDOWS;C:\WINDOWS\System32\Wbem;C:\WINDOWS\System32\WindowsPowerShell\v1.0\;C:\WINDOWS\System32\OpenSSH\;C:\Program Files\Docker\Docker\resources\bin;C:\ProgramData\DockerDesktop\version-bin;C:\Users\WALTON\bin;C:\Users\WALTON\.cargo\bin;C:\Users\WALTON\AppData\Local\Microsoft\WindowsApps;C:\Users\WALTON\go\bin;C:\Users\WALTON\AppData\Roaming\npm;C:\Users\WALTON\AppData\Local\Programs\Microsoft VS Code\bin;C:\Users\WALTON\AppData\Roaming\nvm;C:\Program Files\nodejs;C:\Users\WALTON\.dotnet\tools;;C:\Program Files\JetBrains\PyCharm Community Edition 2022.1.3\bin;;C:\Program Files\JetBrains\IntelliJ IDEA Community Edition 2022.1.3\bin;
# environment
ZES_ENABLE_SYSMAN = 1
# environment
COMPUTERNAME = DESKTOP-7DMOO7P
# default
MAKEFILES := 
# automatic
^F = $(notdir $^)
# environment
PROMPT = $P$G
# environment
CHOCOLATEYLASTPATHUPDATE = 133001311047316000
# environment
LOGONSERVER = \\DESKTOP-7DMOO7P
# environment
USERNAME = WALTON
# environment
COMMONPROGRAMFILES = C:\Program Files (x86)\Common Files
# automatic
?F = $(notdir $?)
# environment
PROGRAMW6432 = C:\Program Files
# environment
PATHEXT = .COM;.EXE;.BAT;.CMD;.VBS;.VBE;.JS;.JSE;.WSF;.WSH;.MSC;.PY;.PYW
# automatic
+F = $(notdir $+)
# environment
ORIGINAL_XDG_CURRENT_DESKTOP = undefined
# environment
USERDOMAIN = DESKTOP-7DMOO7P
# 'override' directive
GNUMAKEFLAGS := 
# makefile (from 'Makefile', line 5)
OS = windows
# makefile
.DEFAULT_GOAL := build
# environment
NVM_HOME = C:\Users\WALTON\AppData\Roaming\nvm
# default
MAKE_VERSION := 4.3
# environment
PROGRAMFILES(X86) = C:\Program Files (x86)
# environment
USERDOMAIN_ROAMINGPROFILE = DESKTOP-7DMOO7P
# environment
NUMBER_OF_PROCESSORS = 12
# environment
PUBLIC = C:\Users\Public
# makefile (from 'Makefile', line 1)
BIN = grpc-scaffold
# environment
APPDATA = C:\Users\WALTON\AppData\Roaming
# environment
HOMEDRIVE = C:
# environment
NVM_SYMLINK = C:\Program Files\nodejs
# environment
PROCESSOR_ARCHITECTURE = x86
# environment
PYCHARM COMMUNITY EDITION = C:\Program Files\JetBrains\PyCharm Community Edition 2022.1.3\bin;
# environment
VSCODE_AMD_ENTRYPOINT = vs/workbench/api/node/extensionHostProcess
# environment
COMMONPROGRAMFILES(X86) = C:\Program Files (x86)\Common Files
# environment
ELECTRON_RUN_AS_NODE = 1
# environment
TEMP = C:\Users\WALTON\AppData\Local\Temp
# environment
VSCODE_IPC_HOOK = \\.\pipe\13d33ce454c9c7a67ef962e162d4a6e5-1.69.0-main-sock
# default
.RECIPEPREFIX := 
# automatic
<F = $(notdir $<)
# default
SUFFIXES := 
# environment
ALLUSERSPROFILE = C:\ProgramData
# environment
SESSIONNAME = Console
# default
.FEATURES := target-specific order-only second-expansion else-if shortest-stem undefine oneshell nocomment grouped-target extra-prereqs archives jobserver output-sync load
# environment
PROCESSOR_REVISION = a503
# makefile (from 'Makefile', line 2)
PROTO_DIR = proto
# environment
PROCESSOR_IDENTIFIER = Intel64 Family 6 Model 165 Stepping 3, GenuineIntel
# variable set hash-table stats:
# Load=102/1024=10%, Rehash=0, Collisions=9/133=7%

# Pattern-specific Variable Values

# No pattern-specific variable values.

# Directories

# . (key c:/projects/grpc-scaffold, mtime 1657389173): 8 files, no impossibilities.

# 8 files, no impossibilities in 1 directories.

# Implicit Rules

# No implicit rules.

# Files

generate:
#  Implicit rule search has not been done.
#  Modification time never checked.
#  File has not been updated.
#  recipe to execute (from 'Makefile', line 25):
	protoc -I${PROTO_DIR} --go_opt=module=${PACKAGE} --go_out=. ${PROTO_DIR}/*.proto

# Not a target:
Makefile:
#  Implicit rule search has been done.
#  Last modified 2022-07-09 18:49:59
#  File has been updated.
#  Successfully updated.

clean:
#  Implicit rule search has not been done.
#  Modification time never checked.
#  File has not been updated.
#  recipe to execute (from 'Makefile', line 28):
	rm ${PROTO_DIR}/*.pb.go
	rm ${BIN}

# Not a target:
.DEFAULT:
#  Implicit rule search has not been done.
#  Modification time never checked.
#  File has not been updated.

# Not a target:
all:
#  Command line target.
#  Implicit rule search has been done.
#  File does not exist.
#  File has not been updated.

build: generate
#  Implicit rule search has not been done.
#  Modification time never checked.
#  File has not been updated.
#  recipe to execute (from 'Makefile', line 22):
	go build -o ${BIN} .

# files hash-table stats:
# Load=7/1024=1%, Rehash=0, Collisions=0/19=0%
# VPATH Search Paths

# No 'vpath' search paths.

# No general ('VPATH' variable) search path.

# strcache buffers: 1 (0) / strings = 14 / storage = 94 B / avg = 6 B
# current buf: size = 8174 B / used = 94 B / count = 14 / avg = 6 B

# strcache performance: lookups = 22 / hit rate = 36%
# hash-table stats:
# Load=14/8192=0%, Rehash=0, Collisions=0/22=0%
# Finished Make data base on Sat Jul 09 23:52:54 2022

 
